C:\USERS\DUAN_QI\DESKTOP\RECONSTRUCTION\MVS\LIB\LIBCMINPACK.LIB
C:\USERS\DUAN_QI\DESKTOP\RECONSTRUCTION\MVS\LIBCMINPACK\RELEASE\CHKDER.OBJ
C:\USERS\DUAN_QI\DESKTOP\RECONSTRUCTION\MVS\LIBCMINPACK\RELEASE\CHKDER_.OBJ
C:\USERS\DUAN_QI\DESKTOP\RECONSTRUCTION\MVS\LIBCMINPACK\RELEASE\COVAR.OBJ
C:\USERS\DUAN_QI\DESKTOP\RECONSTRUCTION\MVS\LIBCMINPACK\RELEASE\COVAR_.OBJ
C:\USERS\DUAN_QI\DESKTOP\RECONSTRUCTION\MVS\LIBCMINPACK\RELEASE\DOGLEG.OBJ
C:\USERS\DUAN_QI\DESKTOP\RECONSTRUCTION\MVS\LIBCMINPACK\RELEASE\DOGLEG_.OBJ
C:\USERS\DUAN_QI\DESKTOP\RECONSTRUCTION\MVS\LIBCMINPACK\RELEASE\DPMPAR.OBJ
C:\USERS\DUAN_QI\DESKTOP\RECONSTRUCTION\MVS\LIBCMINPACK\RELEASE\DPMPAR_.OBJ
C:\USERS\DUAN_QI\DESKTOP\RECONSTRUCTION\MVS\LIBCMINPACK\RELEASE\ENORM.OBJ
C:\USERS\DUAN_QI\DESKTOP\RECONSTRUCTION\MVS\LIBCMINPACK\RELEASE\ENORM_.OBJ
C:\USERS\DUAN_QI\DESKTOP\RECONSTRUCTION\MVS\LIBCMINPACK\RELEASE\FDJAC1.OBJ
C:\USERS\DUAN_QI\DESKTOP\RECONSTRUCTION\MVS\LIBCMINPACK\RELEASE\FDJAC1_.OBJ
C:\USERS\DUAN_QI\DESKTOP\RECONSTRUCTION\MVS\LIBCMINPACK\RELEASE\FDJAC2.OBJ
C:\USERS\DUAN_QI\DESKTOP\RECONSTRUCTION\MVS\LIBCMINPACK\RELEASE\FDJAC2_.OBJ
C:\USERS\DUAN_QI\DESKTOP\RECONSTRUCTION\MVS\LIBCMINPACK\RELEASE\HYBRD.OBJ
C:\USERS\DUAN_QI\DESKTOP\RECONSTRUCTION\MVS\LIBCMINPACK\RELEASE\HYBRD_.OBJ
C:\USERS\DUAN_QI\DESKTOP\RECONSTRUCTION\MVS\LIBCMINPACK\RELEASE\HYBRD1.OBJ
C:\USERS\DUAN_QI\DESKTOP\RECONSTRUCTION\MVS\LIBCMINPACK\RELEASE\HYBRD1_.OBJ
C:\USERS\DUAN_QI\DESKTOP\RECONSTRUCTION\MVS\LIBCMINPACK\RELEASE\HYBRJ.OBJ
C:\USERS\DUAN_QI\DESKTOP\RECONSTRUCTION\MVS\LIBCMINPACK\RELEASE\HYBRJ_.OBJ
C:\USERS\DUAN_QI\DESKTOP\RECONSTRUCTION\MVS\LIBCMINPACK\RELEASE\HYBRJ1.OBJ
C:\USERS\DUAN_QI\DESKTOP\RECONSTRUCTION\MVS\LIBCMINPACK\RELEASE\HYBRJ1_.OBJ
C:\USERS\DUAN_QI\DESKTOP\RECONSTRUCTION\MVS\LIBCMINPACK\RELEASE\LMDER.OBJ
C:\USERS\DUAN_QI\DESKTOP\RECONSTRUCTION\MVS\LIBCMINPACK\RELEASE\LMDER_.OBJ
C:\USERS\DUAN_QI\DESKTOP\RECONSTRUCTION\MVS\LIBCMINPACK\RELEASE\LMDER1.OBJ
C:\USERS\DUAN_QI\DESKTOP\RECONSTRUCTION\MVS\LIBCMINPACK\RELEASE\LMDER1_.OBJ
C:\USERS\DUAN_QI\DESKTOP\RECONSTRUCTION\MVS\LIBCMINPACK\RELEASE\LMDIF.OBJ
C:\USERS\DUAN_QI\DESKTOP\RECONSTRUCTION\MVS\LIBCMINPACK\RELEASE\LMDIF_.OBJ
C:\USERS\DUAN_QI\DESKTOP\RECONSTRUCTION\MVS\LIBCMINPACK\RELEASE\LMDIF1.OBJ
C:\USERS\DUAN_QI\DESKTOP\RECONSTRUCTION\MVS\LIBCMINPACK\RELEASE\LMDIF1_.OBJ
C:\USERS\DUAN_QI\DESKTOP\RECONSTRUCTION\MVS\LIBCMINPACK\RELEASE\LMPAR.OBJ
C:\USERS\DUAN_QI\DESKTOP\RECONSTRUCTION\MVS\LIBCMINPACK\RELEASE\LMPAR_.OBJ
C:\USERS\DUAN_QI\DESKTOP\RECONSTRUCTION\MVS\LIBCMINPACK\RELEASE\LMSTR.OBJ
C:\USERS\DUAN_QI\DESKTOP\RECONSTRUCTION\MVS\LIBCMINPACK\RELEASE\LMSTR_.OBJ
C:\USERS\DUAN_QI\DESKTOP\RECONSTRUCTION\MVS\LIBCMINPACK\RELEASE\LMSTR1.OBJ
C:\USERS\DUAN_QI\DESKTOP\RECONSTRUCTION\MVS\LIBCMINPACK\RELEASE\LMSTR1_.OBJ
C:\USERS\DUAN_QI\DESKTOP\RECONSTRUCTION\MVS\LIBCMINPACK\RELEASE\QFORM.OBJ
C:\USERS\DUAN_QI\DESKTOP\RECONSTRUCTION\MVS\LIBCMINPACK\RELEASE\QFORM_.OBJ
C:\USERS\DUAN_QI\DESKTOP\RECONSTRUCTION\MVS\LIBCMINPACK\RELEASE\QRFAC.OBJ
C:\USERS\DUAN_QI\DESKTOP\RECONSTRUCTION\MVS\LIBCMINPACK\RELEASE\QRFAC_.OBJ
C:\USERS\DUAN_QI\DESKTOP\RECONSTRUCTION\MVS\LIBCMINPACK\RELEASE\QRSOLV.OBJ
C:\USERS\DUAN_QI\DESKTOP\RECONSTRUCTION\MVS\LIBCMINPACK\RELEASE\QRSOLV_.OBJ
C:\USERS\DUAN_QI\DESKTOP\RECONSTRUCTION\MVS\LIBCMINPACK\RELEASE\R1MPYQ.OBJ
C:\USERS\DUAN_QI\DESKTOP\RECONSTRUCTION\MVS\LIBCMINPACK\RELEASE\R1MPYQ_.OBJ
C:\USERS\DUAN_QI\DESKTOP\RECONSTRUCTION\MVS\LIBCMINPACK\RELEASE\R1UPDT.OBJ
C:\USERS\DUAN_QI\DESKTOP\RECONSTRUCTION\MVS\LIBCMINPACK\RELEASE\R1UPDT_.OBJ
C:\USERS\DUAN_QI\DESKTOP\RECONSTRUCTION\MVS\LIBCMINPACK\RELEASE\RWUPDT.OBJ
C:\USERS\DUAN_QI\DESKTOP\RECONSTRUCTION\MVS\LIBCMINPACK\RELEASE\RWUPDT_.OBJ
C:\USERS\DUAN_QI\DESKTOP\RECONSTRUCTION\MVS\LIBCMINPACK\RELEASE\VC100.PDB
C:\Users\duan_qi\Documents\GitHub\MyMVS\libCMinPack\Release\chkder.obj
C:\Users\duan_qi\Documents\GitHub\MyMVS\libCMinPack\Release\chkder_.obj
C:\Users\duan_qi\Documents\GitHub\MyMVS\libCMinPack\Release\cl.command.1.tlog
C:\Users\duan_qi\Documents\GitHub\MyMVS\libCMinPack\Release\CL.read.1.tlog
C:\Users\duan_qi\Documents\GitHub\MyMVS\libCMinPack\Release\CL.write.1.tlog
C:\Users\duan_qi\Documents\GitHub\MyMVS\libCMinPack\Release\covar.obj
C:\Users\duan_qi\Documents\GitHub\MyMVS\libCMinPack\Release\covar_.obj
C:\Users\duan_qi\Documents\GitHub\MyMVS\libCMinPack\Release\dogleg.obj
C:\Users\duan_qi\Documents\GitHub\MyMVS\libCMinPack\Release\dogleg_.obj
C:\Users\duan_qi\Documents\GitHub\MyMVS\libCMinPack\Release\dpmpar.obj
C:\Users\duan_qi\Documents\GitHub\MyMVS\libCMinPack\Release\dpmpar_.obj
C:\Users\duan_qi\Documents\GitHub\MyMVS\libCMinPack\Release\enorm.obj
C:\Users\duan_qi\Documents\GitHub\MyMVS\libCMinPack\Release\enorm_.obj
C:\Users\duan_qi\Documents\GitHub\MyMVS\libCMinPack\Release\fdjac1.obj
C:\Users\duan_qi\Documents\GitHub\MyMVS\libCMinPack\Release\fdjac1_.obj
C:\Users\duan_qi\Documents\GitHub\MyMVS\libCMinPack\Release\fdjac2.obj
C:\Users\duan_qi\Documents\GitHub\MyMVS\libCMinPack\Release\fdjac2_.obj
C:\Users\duan_qi\Documents\GitHub\MyMVS\libCMinPack\Release\hybrd.obj
C:\Users\duan_qi\Documents\GitHub\MyMVS\libCMinPack\Release\hybrd_.obj
C:\Users\duan_qi\Documents\GitHub\MyMVS\libCMinPack\Release\hybrd1.obj
C:\Users\duan_qi\Documents\GitHub\MyMVS\libCMinPack\Release\hybrd1_.obj
C:\Users\duan_qi\Documents\GitHub\MyMVS\libCMinPack\Release\hybrj.obj
C:\Users\duan_qi\Documents\GitHub\MyMVS\libCMinPack\Release\hybrj_.obj
C:\Users\duan_qi\Documents\GitHub\MyMVS\libCMinPack\Release\hybrj1.obj
C:\Users\duan_qi\Documents\GitHub\MyMVS\libCMinPack\Release\hybrj1_.obj
C:\Users\duan_qi\Documents\GitHub\MyMVS\libCMinPack\Release\lib.command.1.tlog
C:\Users\duan_qi\Documents\GitHub\MyMVS\libCMinPack\Release\Lib-link.read.1.tlog
C:\Users\duan_qi\Documents\GitHub\MyMVS\libCMinPack\Release\Lib-link.write.1.tlog
C:\Users\duan_qi\Documents\GitHub\MyMVS\libCMinPack\Release\lmder.obj
C:\Users\duan_qi\Documents\GitHub\MyMVS\libCMinPack\Release\lmder_.obj
C:\Users\duan_qi\Documents\GitHub\MyMVS\libCMinPack\Release\lmder1.obj
C:\Users\duan_qi\Documents\GitHub\MyMVS\libCMinPack\Release\lmder1_.obj
C:\Users\duan_qi\Documents\GitHub\MyMVS\libCMinPack\Release\lmdif.obj
C:\Users\duan_qi\Documents\GitHub\MyMVS\libCMinPack\Release\lmdif_.obj
C:\Users\duan_qi\Documents\GitHub\MyMVS\libCMinPack\Release\lmdif1.obj
C:\Users\duan_qi\Documents\GitHub\MyMVS\libCMinPack\Release\lmdif1_.obj
C:\Users\duan_qi\Documents\GitHub\MyMVS\libCMinPack\Release\lmpar.obj
C:\Users\duan_qi\Documents\GitHub\MyMVS\libCMinPack\Release\lmpar_.obj
C:\Users\duan_qi\Documents\GitHub\MyMVS\libCMinPack\Release\lmstr.obj
C:\Users\duan_qi\Documents\GitHub\MyMVS\libCMinPack\Release\lmstr_.obj
C:\Users\duan_qi\Documents\GitHub\MyMVS\libCMinPack\Release\lmstr1.obj
C:\Users\duan_qi\Documents\GitHub\MyMVS\libCMinPack\Release\lmstr1_.obj
C:\Users\duan_qi\Documents\GitHub\MyMVS\libCMinPack\Release\qform.obj
C:\Users\duan_qi\Documents\GitHub\MyMVS\libCMinPack\Release\qform_.obj
C:\Users\duan_qi\Documents\GitHub\MyMVS\libCMinPack\Release\qrfac.obj
C:\Users\duan_qi\Documents\GitHub\MyMVS\libCMinPack\Release\qrfac_.obj
C:\Users\duan_qi\Documents\GitHub\MyMVS\libCMinPack\Release\qrsolv.obj
C:\Users\duan_qi\Documents\GitHub\MyMVS\libCMinPack\Release\qrsolv_.obj
C:\Users\duan_qi\Documents\GitHub\MyMVS\libCMinPack\Release\r1mpyq.obj
C:\Users\duan_qi\Documents\GitHub\MyMVS\libCMinPack\Release\r1mpyq_.obj
C:\Users\duan_qi\Documents\GitHub\MyMVS\libCMinPack\Release\r1updt.obj
C:\Users\duan_qi\Documents\GitHub\MyMVS\libCMinPack\Release\r1updt_.obj
C:\Users\duan_qi\Documents\GitHub\MyMVS\libCMinPack\Release\rwupdt.obj
C:\Users\duan_qi\Documents\GitHub\MyMVS\libCMinPack\Release\rwupdt_.obj
C:\Users\duan_qi\Documents\GitHub\MyMVS\libCMinPack\Release\vc100.pdb
