C:\USERS\DUAN_QI\DESKTOP\RECONSTRUCTION\MVS\LIB\LIBDAISYD.LIB
C:\USERS\DUAN_QI\DESKTOP\RECONSTRUCTION\MVS\LIBDAISY\DEBUG\CORECV.OBJ
C:\USERS\DUAN_QI\DESKTOP\RECONSTRUCTION\MVS\LIBDAISY\DEBUG\DAISY.OBJ
C:\USERS\DUAN_QI\DESKTOP\RECONSTRUCTION\MVS\LIBDAISY\DEBUG\GENERAL.OBJ
C:\USERS\DUAN_QI\DESKTOP\RECONSTRUCTION\MVS\LIBDAISY\DEBUG\IMAGE_IO_BMP.OBJ
C:\USERS\DUAN_QI\DESKTOP\RECONSTRUCTION\MVS\LIBDAISY\DEBUG\IMAGE_IO_JPEG.OBJ
C:\USERS\DUAN_QI\DESKTOP\RECONSTRUCTION\MVS\LIBDAISY\DEBUG\IMAGE_IO_PNG.OBJ
C:\USERS\DUAN_QI\DESKTOP\RECONSTRUCTION\MVS\LIBDAISY\DEBUG\IMAGE_IO_PNM.OBJ
C:\USERS\DUAN_QI\DESKTOP\RECONSTRUCTION\MVS\LIBDAISY\DEBUG\IMAGE_MANIPULATION.OBJ
C:\USERS\DUAN_QI\DESKTOP\RECONSTRUCTION\MVS\LIBDAISY\DEBUG\INTERACTION.OBJ
C:\USERS\DUAN_QI\DESKTOP\RECONSTRUCTION\MVS\LIBDAISY\DEBUG\PROGRESS_BAR.OBJ
C:\USERS\DUAN_QI\DESKTOP\RECONSTRUCTION\MVS\LIBDAISY\DEBUG\VC100.PDB
C:\Users\duan_qi\Documents\GitHub\MyMVS\libDaisy\..\lib\libDaisy.lib
C:\Users\duan_qi\Documents\GitHub\MyMVS\libDaisy\Debug\cl.command.1.tlog
C:\Users\duan_qi\Documents\GitHub\MyMVS\libDaisy\Debug\CL.read.1.tlog
C:\Users\duan_qi\Documents\GitHub\MyMVS\libDaisy\Debug\CL.write.1.tlog
C:\Users\duan_qi\Documents\GitHub\MyMVS\libDaisy\Debug\corecv.obj
C:\Users\duan_qi\Documents\GitHub\MyMVS\libDaisy\Debug\daisy.obj
C:\Users\duan_qi\Documents\GitHub\MyMVS\libDaisy\Debug\general.obj
C:\Users\duan_qi\Documents\GitHub\MyMVS\libDaisy\Debug\image_io_bmp.obj
C:\Users\duan_qi\Documents\GitHub\MyMVS\libDaisy\Debug\image_io_jpeg.obj
C:\Users\duan_qi\Documents\GitHub\MyMVS\libDaisy\Debug\image_io_png.obj
C:\Users\duan_qi\Documents\GitHub\MyMVS\libDaisy\Debug\image_io_pnm.obj
C:\Users\duan_qi\Documents\GitHub\MyMVS\libDaisy\Debug\image_manipulation.obj
C:\Users\duan_qi\Documents\GitHub\MyMVS\libDaisy\Debug\interaction.obj
C:\Users\duan_qi\Documents\GitHub\MyMVS\libDaisy\Debug\lib.command.1.tlog
C:\Users\duan_qi\Documents\GitHub\MyMVS\libDaisy\Debug\Lib-link.read.1.tlog
C:\Users\duan_qi\Documents\GitHub\MyMVS\libDaisy\Debug\Lib-link.write.1.tlog
C:\Users\duan_qi\Documents\GitHub\MyMVS\libDaisy\Debug\progress_bar.obj
C:\Users\duan_qi\Documents\GitHub\MyMVS\libDaisy\Debug\vc100.idb
C:\Users\duan_qi\Documents\GitHub\MyMVS\libDaisy\Debug\vc100.pdb
