C:\USERS\DUAN_QI\DESKTOP\RECONSTRUCTION\MVS\LIB\LIBCMINPACKD.LIB
C:\USERS\DUAN_QI\DESKTOP\RECONSTRUCTION\MVS\LIBCMINPACK\DEBUG\CHKDER.OBJ
C:\USERS\DUAN_QI\DESKTOP\RECONSTRUCTION\MVS\LIBCMINPACK\DEBUG\CHKDER_.OBJ
C:\USERS\DUAN_QI\DESKTOP\RECONSTRUCTION\MVS\LIBCMINPACK\DEBUG\COVAR.OBJ
C:\USERS\DUAN_QI\DESKTOP\RECONSTRUCTION\MVS\LIBCMINPACK\DEBUG\COVAR_.OBJ
C:\USERS\DUAN_QI\DESKTOP\RECONSTRUCTION\MVS\LIBCMINPACK\DEBUG\DOGLEG.OBJ
C:\USERS\DUAN_QI\DESKTOP\RECONSTRUCTION\MVS\LIBCMINPACK\DEBUG\DOGLEG_.OBJ
C:\USERS\DUAN_QI\DESKTOP\RECONSTRUCTION\MVS\LIBCMINPACK\DEBUG\DPMPAR.OBJ
C:\USERS\DUAN_QI\DESKTOP\RECONSTRUCTION\MVS\LIBCMINPACK\DEBUG\DPMPAR_.OBJ
C:\USERS\DUAN_QI\DESKTOP\RECONSTRUCTION\MVS\LIBCMINPACK\DEBUG\ENORM.OBJ
C:\USERS\DUAN_QI\DESKTOP\RECONSTRUCTION\MVS\LIBCMINPACK\DEBUG\ENORM_.OBJ
C:\USERS\DUAN_QI\DESKTOP\RECONSTRUCTION\MVS\LIBCMINPACK\DEBUG\FDJAC1.OBJ
C:\USERS\DUAN_QI\DESKTOP\RECONSTRUCTION\MVS\LIBCMINPACK\DEBUG\FDJAC1_.OBJ
C:\USERS\DUAN_QI\DESKTOP\RECONSTRUCTION\MVS\LIBCMINPACK\DEBUG\FDJAC2.OBJ
C:\USERS\DUAN_QI\DESKTOP\RECONSTRUCTION\MVS\LIBCMINPACK\DEBUG\FDJAC2_.OBJ
C:\USERS\DUAN_QI\DESKTOP\RECONSTRUCTION\MVS\LIBCMINPACK\DEBUG\HYBRD.OBJ
C:\USERS\DUAN_QI\DESKTOP\RECONSTRUCTION\MVS\LIBCMINPACK\DEBUG\HYBRD_.OBJ
C:\USERS\DUAN_QI\DESKTOP\RECONSTRUCTION\MVS\LIBCMINPACK\DEBUG\HYBRD1.OBJ
C:\USERS\DUAN_QI\DESKTOP\RECONSTRUCTION\MVS\LIBCMINPACK\DEBUG\HYBRD1_.OBJ
C:\USERS\DUAN_QI\DESKTOP\RECONSTRUCTION\MVS\LIBCMINPACK\DEBUG\HYBRJ.OBJ
C:\USERS\DUAN_QI\DESKTOP\RECONSTRUCTION\MVS\LIBCMINPACK\DEBUG\HYBRJ_.OBJ
C:\USERS\DUAN_QI\DESKTOP\RECONSTRUCTION\MVS\LIBCMINPACK\DEBUG\HYBRJ1.OBJ
C:\USERS\DUAN_QI\DESKTOP\RECONSTRUCTION\MVS\LIBCMINPACK\DEBUG\HYBRJ1_.OBJ
C:\USERS\DUAN_QI\DESKTOP\RECONSTRUCTION\MVS\LIBCMINPACK\DEBUG\LMDER.OBJ
C:\USERS\DUAN_QI\DESKTOP\RECONSTRUCTION\MVS\LIBCMINPACK\DEBUG\LMDER_.OBJ
C:\USERS\DUAN_QI\DESKTOP\RECONSTRUCTION\MVS\LIBCMINPACK\DEBUG\LMDER1.OBJ
C:\USERS\DUAN_QI\DESKTOP\RECONSTRUCTION\MVS\LIBCMINPACK\DEBUG\LMDER1_.OBJ
C:\USERS\DUAN_QI\DESKTOP\RECONSTRUCTION\MVS\LIBCMINPACK\DEBUG\LMDIF.OBJ
C:\USERS\DUAN_QI\DESKTOP\RECONSTRUCTION\MVS\LIBCMINPACK\DEBUG\LMDIF_.OBJ
C:\USERS\DUAN_QI\DESKTOP\RECONSTRUCTION\MVS\LIBCMINPACK\DEBUG\LMDIF1.OBJ
C:\USERS\DUAN_QI\DESKTOP\RECONSTRUCTION\MVS\LIBCMINPACK\DEBUG\LMDIF1_.OBJ
C:\USERS\DUAN_QI\DESKTOP\RECONSTRUCTION\MVS\LIBCMINPACK\DEBUG\LMPAR.OBJ
C:\USERS\DUAN_QI\DESKTOP\RECONSTRUCTION\MVS\LIBCMINPACK\DEBUG\LMPAR_.OBJ
C:\USERS\DUAN_QI\DESKTOP\RECONSTRUCTION\MVS\LIBCMINPACK\DEBUG\LMSTR.OBJ
C:\USERS\DUAN_QI\DESKTOP\RECONSTRUCTION\MVS\LIBCMINPACK\DEBUG\LMSTR_.OBJ
C:\USERS\DUAN_QI\DESKTOP\RECONSTRUCTION\MVS\LIBCMINPACK\DEBUG\LMSTR1.OBJ
C:\USERS\DUAN_QI\DESKTOP\RECONSTRUCTION\MVS\LIBCMINPACK\DEBUG\LMSTR1_.OBJ
C:\USERS\DUAN_QI\DESKTOP\RECONSTRUCTION\MVS\LIBCMINPACK\DEBUG\QFORM.OBJ
C:\USERS\DUAN_QI\DESKTOP\RECONSTRUCTION\MVS\LIBCMINPACK\DEBUG\QFORM_.OBJ
C:\USERS\DUAN_QI\DESKTOP\RECONSTRUCTION\MVS\LIBCMINPACK\DEBUG\QRFAC.OBJ
C:\USERS\DUAN_QI\DESKTOP\RECONSTRUCTION\MVS\LIBCMINPACK\DEBUG\QRFAC_.OBJ
C:\USERS\DUAN_QI\DESKTOP\RECONSTRUCTION\MVS\LIBCMINPACK\DEBUG\QRSOLV.OBJ
C:\USERS\DUAN_QI\DESKTOP\RECONSTRUCTION\MVS\LIBCMINPACK\DEBUG\QRSOLV_.OBJ
C:\USERS\DUAN_QI\DESKTOP\RECONSTRUCTION\MVS\LIBCMINPACK\DEBUG\R1MPYQ.OBJ
C:\USERS\DUAN_QI\DESKTOP\RECONSTRUCTION\MVS\LIBCMINPACK\DEBUG\R1MPYQ_.OBJ
C:\USERS\DUAN_QI\DESKTOP\RECONSTRUCTION\MVS\LIBCMINPACK\DEBUG\R1UPDT.OBJ
C:\USERS\DUAN_QI\DESKTOP\RECONSTRUCTION\MVS\LIBCMINPACK\DEBUG\R1UPDT_.OBJ
C:\USERS\DUAN_QI\DESKTOP\RECONSTRUCTION\MVS\LIBCMINPACK\DEBUG\RWUPDT.OBJ
C:\USERS\DUAN_QI\DESKTOP\RECONSTRUCTION\MVS\LIBCMINPACK\DEBUG\RWUPDT_.OBJ
C:\USERS\DUAN_QI\DESKTOP\RECONSTRUCTION\MVS\LIBCMINPACK\DEBUG\VC100.PDB
C:\Users\duan_qi\Documents\GitHub\MyMVS\libCMinPack\..\lib\libCMinPack.lib
C:\Users\duan_qi\Documents\GitHub\MyMVS\libCMinPack\Debug\chkder.obj
C:\Users\duan_qi\Documents\GitHub\MyMVS\libCMinPack\Debug\chkder_.obj
C:\Users\duan_qi\Documents\GitHub\MyMVS\libCMinPack\Debug\cl.command.1.tlog
C:\Users\duan_qi\Documents\GitHub\MyMVS\libCMinPack\Debug\CL.read.1.tlog
C:\Users\duan_qi\Documents\GitHub\MyMVS\libCMinPack\Debug\CL.write.1.tlog
C:\Users\duan_qi\Documents\GitHub\MyMVS\libCMinPack\Debug\covar.obj
C:\Users\duan_qi\Documents\GitHub\MyMVS\libCMinPack\Debug\covar_.obj
C:\Users\duan_qi\Documents\GitHub\MyMVS\libCMinPack\Debug\dogleg.obj
C:\Users\duan_qi\Documents\GitHub\MyMVS\libCMinPack\Debug\dogleg_.obj
C:\Users\duan_qi\Documents\GitHub\MyMVS\libCMinPack\Debug\dpmpar.obj
C:\Users\duan_qi\Documents\GitHub\MyMVS\libCMinPack\Debug\dpmpar_.obj
C:\Users\duan_qi\Documents\GitHub\MyMVS\libCMinPack\Debug\enorm.obj
C:\Users\duan_qi\Documents\GitHub\MyMVS\libCMinPack\Debug\enorm_.obj
C:\Users\duan_qi\Documents\GitHub\MyMVS\libCMinPack\Debug\fdjac1.obj
C:\Users\duan_qi\Documents\GitHub\MyMVS\libCMinPack\Debug\fdjac1_.obj
C:\Users\duan_qi\Documents\GitHub\MyMVS\libCMinPack\Debug\fdjac2.obj
C:\Users\duan_qi\Documents\GitHub\MyMVS\libCMinPack\Debug\fdjac2_.obj
C:\Users\duan_qi\Documents\GitHub\MyMVS\libCMinPack\Debug\hybrd.obj
C:\Users\duan_qi\Documents\GitHub\MyMVS\libCMinPack\Debug\hybrd_.obj
C:\Users\duan_qi\Documents\GitHub\MyMVS\libCMinPack\Debug\hybrd1.obj
C:\Users\duan_qi\Documents\GitHub\MyMVS\libCMinPack\Debug\hybrd1_.obj
C:\Users\duan_qi\Documents\GitHub\MyMVS\libCMinPack\Debug\hybrj.obj
C:\Users\duan_qi\Documents\GitHub\MyMVS\libCMinPack\Debug\hybrj_.obj
C:\Users\duan_qi\Documents\GitHub\MyMVS\libCMinPack\Debug\hybrj1.obj
C:\Users\duan_qi\Documents\GitHub\MyMVS\libCMinPack\Debug\hybrj1_.obj
C:\Users\duan_qi\Documents\GitHub\MyMVS\libCMinPack\Debug\lib.command.1.tlog
C:\Users\duan_qi\Documents\GitHub\MyMVS\libCMinPack\Debug\Lib-link.read.1.tlog
C:\Users\duan_qi\Documents\GitHub\MyMVS\libCMinPack\Debug\Lib-link.write.1.tlog
C:\Users\duan_qi\Documents\GitHub\MyMVS\libCMinPack\Debug\lmder.obj
C:\Users\duan_qi\Documents\GitHub\MyMVS\libCMinPack\Debug\lmder_.obj
C:\Users\duan_qi\Documents\GitHub\MyMVS\libCMinPack\Debug\lmder1.obj
C:\Users\duan_qi\Documents\GitHub\MyMVS\libCMinPack\Debug\lmder1_.obj
C:\Users\duan_qi\Documents\GitHub\MyMVS\libCMinPack\Debug\lmdif.obj
C:\Users\duan_qi\Documents\GitHub\MyMVS\libCMinPack\Debug\lmdif_.obj
C:\Users\duan_qi\Documents\GitHub\MyMVS\libCMinPack\Debug\lmdif1.obj
C:\Users\duan_qi\Documents\GitHub\MyMVS\libCMinPack\Debug\lmdif1_.obj
C:\Users\duan_qi\Documents\GitHub\MyMVS\libCMinPack\Debug\lmpar.obj
C:\Users\duan_qi\Documents\GitHub\MyMVS\libCMinPack\Debug\lmpar_.obj
C:\Users\duan_qi\Documents\GitHub\MyMVS\libCMinPack\Debug\lmstr.obj
C:\Users\duan_qi\Documents\GitHub\MyMVS\libCMinPack\Debug\lmstr_.obj
C:\Users\duan_qi\Documents\GitHub\MyMVS\libCMinPack\Debug\lmstr1.obj
C:\Users\duan_qi\Documents\GitHub\MyMVS\libCMinPack\Debug\lmstr1_.obj
C:\Users\duan_qi\Documents\GitHub\MyMVS\libCMinPack\Debug\qform.obj
C:\Users\duan_qi\Documents\GitHub\MyMVS\libCMinPack\Debug\qform_.obj
C:\Users\duan_qi\Documents\GitHub\MyMVS\libCMinPack\Debug\qrfac.obj
C:\Users\duan_qi\Documents\GitHub\MyMVS\libCMinPack\Debug\qrfac_.obj
C:\Users\duan_qi\Documents\GitHub\MyMVS\libCMinPack\Debug\qrsolv.obj
C:\Users\duan_qi\Documents\GitHub\MyMVS\libCMinPack\Debug\qrsolv_.obj
C:\Users\duan_qi\Documents\GitHub\MyMVS\libCMinPack\Debug\r1mpyq.obj
C:\Users\duan_qi\Documents\GitHub\MyMVS\libCMinPack\Debug\r1mpyq_.obj
C:\Users\duan_qi\Documents\GitHub\MyMVS\libCMinPack\Debug\r1updt.obj
C:\Users\duan_qi\Documents\GitHub\MyMVS\libCMinPack\Debug\r1updt_.obj
C:\Users\duan_qi\Documents\GitHub\MyMVS\libCMinPack\Debug\rwupdt.obj
C:\Users\duan_qi\Documents\GitHub\MyMVS\libCMinPack\Debug\rwupdt_.obj
C:\Users\duan_qi\Documents\GitHub\MyMVS\libCMinPack\Debug\vc100.idb
C:\Users\duan_qi\Documents\GitHub\MyMVS\libCMinPack\Debug\vc100.pdb
