C:\USERS\DUAN_QI\DESKTOP\RECONSTRUCTION\MVS\LIB\LIBDAISY.LIB
C:\USERS\DUAN_QI\DESKTOP\RECONSTRUCTION\MVS\LIBDAISY\RELEASE\CORECV.OBJ
C:\USERS\DUAN_QI\DESKTOP\RECONSTRUCTION\MVS\LIBDAISY\RELEASE\DAISY.OBJ
C:\USERS\DUAN_QI\DESKTOP\RECONSTRUCTION\MVS\LIBDAISY\RELEASE\GENERAL.OBJ
C:\USERS\DUAN_QI\DESKTOP\RECONSTRUCTION\MVS\LIBDAISY\RELEASE\IMAGE_IO_BMP.OBJ
C:\USERS\DUAN_QI\DESKTOP\RECONSTRUCTION\MVS\LIBDAISY\RELEASE\IMAGE_IO_JPEG.OBJ
C:\USERS\DUAN_QI\DESKTOP\RECONSTRUCTION\MVS\LIBDAISY\RELEASE\IMAGE_IO_PNG.OBJ
C:\USERS\DUAN_QI\DESKTOP\RECONSTRUCTION\MVS\LIBDAISY\RELEASE\IMAGE_IO_PNM.OBJ
C:\USERS\DUAN_QI\DESKTOP\RECONSTRUCTION\MVS\LIBDAISY\RELEASE\IMAGE_MANIPULATION.OBJ
C:\USERS\DUAN_QI\DESKTOP\RECONSTRUCTION\MVS\LIBDAISY\RELEASE\INTERACTION.OBJ
C:\USERS\DUAN_QI\DESKTOP\RECONSTRUCTION\MVS\LIBDAISY\RELEASE\PROGRESS_BAR.OBJ
C:\USERS\DUAN_QI\DESKTOP\RECONSTRUCTION\MVS\LIBDAISY\RELEASE\VC100.PDB
C:\Users\duan_qi\Documents\GitHub\MyMVS\libDaisy\Release\cl.command.1.tlog
C:\Users\duan_qi\Documents\GitHub\MyMVS\libDaisy\Release\CL.read.1.tlog
C:\Users\duan_qi\Documents\GitHub\MyMVS\libDaisy\Release\CL.write.1.tlog
C:\Users\duan_qi\Documents\GitHub\MyMVS\libDaisy\Release\corecv.obj
C:\Users\duan_qi\Documents\GitHub\MyMVS\libDaisy\Release\daisy.obj
C:\Users\duan_qi\Documents\GitHub\MyMVS\libDaisy\Release\general.obj
C:\Users\duan_qi\Documents\GitHub\MyMVS\libDaisy\Release\image_io_bmp.obj
C:\Users\duan_qi\Documents\GitHub\MyMVS\libDaisy\Release\image_io_jpeg.obj
C:\Users\duan_qi\Documents\GitHub\MyMVS\libDaisy\Release\image_io_png.obj
C:\Users\duan_qi\Documents\GitHub\MyMVS\libDaisy\Release\image_io_pnm.obj
C:\Users\duan_qi\Documents\GitHub\MyMVS\libDaisy\Release\image_manipulation.obj
C:\Users\duan_qi\Documents\GitHub\MyMVS\libDaisy\Release\interaction.obj
C:\Users\duan_qi\Documents\GitHub\MyMVS\libDaisy\Release\lib.command.1.tlog
C:\Users\duan_qi\Documents\GitHub\MyMVS\libDaisy\Release\Lib-link.read.1.tlog
C:\Users\duan_qi\Documents\GitHub\MyMVS\libDaisy\Release\Lib-link.write.1.tlog
C:\Users\duan_qi\Documents\GitHub\MyMVS\libDaisy\Release\progress_bar.obj
C:\Users\duan_qi\Documents\GitHub\MyMVS\libDaisy\Release\vc100.pdb
